<?xml version="1.0" encoding="UTF-8"?>
<testsuite errors="0" failures="0" file="helloworld_tests.py" name="helloworld_tests.HelloWorldTest-20191116053715" skipped="0" tests="1" time="0.011" timestamp="2019-11-16T05:37:15">
	<testcase classname="helloworld_tests.HelloWorldTest" file="src\unittest\python\helloworld_tests.py" line="7" name="test_should_issue_hello_world_message" time="0.011" timestamp="2019-11-16T05:37:15">
		<system-out>
<![CDATA[]]>		</system-out>
		<system-err>
<![CDATA[]]>		</system-err>
	</testcase>
</testsuite>
